<?xml version="1.0" encoding="UTF-8"?>
<!-- Generated by org.testng.reporters.JUnitXMLReporter -->
<testsuite hostname="LAPTOP-C85JR1KG" ignored="0" name="Default test" tests="4" failures="0" timestamp="16 Jun 2019 03:45:01 GMT" time="0.109" errors="0">
  <testcase name="add" time="0.066" classname="examplePackage.Test1"/>
  <testcase name="div" time="0.002" classname="examplePackage.Test1"/>
  <testcase name="mul" time="0.002" classname="examplePackage.Test1"/>
  <testcase name="sub" time="0.002" classname="examplePackage.Test1"/>
</testsuite> <!-- Default test -->
