<?xml version="1.0" encoding="UTF-8"?>
<!-- Generated by org.testng.reporters.JUnitXMLReporter -->
<testsuite hostname="LAPTOP-C85JR1KG" ignored="0" name="Test" tests="15" failures="0" timestamp="23 Jun 2019 04:05:07 GMT" time="0.167" errors="0">
  <testcase name="@BeforeTest beforeTest" time="0.079" classname="examplePackage.DynamicXpathExample1">
    <failure type="java.lang.NoClassDefFoundError" message="org/apache/http/auth/Credentials">
      <![CDATA[java.lang.NoClassDefFoundError: org/apache/http/auth/Credentials
	at org.openqa.selenium.remote.HttpCommandExecutor.getDefaultClientFactory(HttpCommandExecutor.java:93)
	at org.openqa.selenium.remote.HttpCommandExecutor.<init>(HttpCommandExecutor.java:72)
	at org.openqa.selenium.remote.service.DriverCommandExecutor.<init>(DriverCommandExecutor.java:62)
	at org.openqa.selenium.chrome.ChromeDriverCommandExecutor.<init>(ChromeDriverCommandExecutor.java:39)
	at org.openqa.selenium.chrome.ChromeDriver.<init>(ChromeDriver.java:184)
	at org.openqa.selenium.chrome.ChromeDriver.<init>(ChromeDriver.java:171)
	at org.openqa.selenium.chrome.ChromeDriver.<init>(ChromeDriver.java:124)
	at examplePackage.DynamicXpathExample1.beforeTest(DynamicXpathExample1.java:83)
Caused by: java.lang.ClassNotFoundException: org.apache.http.auth.Credentials
	at java.net.URLClassLoader.findClass(URLClassLoader.java:381)
	at java.lang.ClassLoader.loadClass(ClassLoader.java:424)
	at sun.misc.Launcher$AppClassLoader.loadClass(Launcher.java:335)
	at java.lang.ClassLoader.loadClass(ClassLoader.java:357)
	... 31 more
... Removed 23 stack frames]]>
    </failure>
  </testcase> <!-- @BeforeTest beforeTest -->
  <testcase name="@BeforeTest beforeTest" time="0.0" classname="examplePackage.SelectExample1">
    <skipped/>
  </testcase> <!-- @BeforeTest beforeTest -->
  <testcase name="@BeforeTest beforeTest" time="0.0" classname="examplePackage.WebTable">
    <skipped/>
  </testcase> <!-- @BeforeTest beforeTest -->
  <testcase name="@AfterTest afterTest" time="0.0" classname="examplePackage.DynamicXpathExample1">
    <skipped/>
  </testcase> <!-- @AfterTest afterTest -->
  <testcase name="@AfterTest afterTest" time="0.0" classname="examplePackage.SelectExample1">
    <skipped/>
  </testcase> <!-- @AfterTest afterTest -->
  <testcase name="@AfterTest afterTest" time="0.0" classname="examplePackage.WebTable">
    <skipped/>
  </testcase> <!-- @AfterTest afterTest -->
  <testcase name="add" time="0.001" classname="examplePackage.Test1">
    <skipped/>
  </testcase> <!-- add -->
  <testcase name="div" time="0.0" classname="examplePackage.Test1">
    <skipped/>
  </testcase> <!-- div -->
  <testcase name="mul" time="0.0" classname="examplePackage.Test1">
    <skipped/>
  </testcase> <!-- mul -->
  <testcase name="sub" time="0.0" classname="examplePackage.Test1">
    <skipped/>
  </testcase> <!-- sub -->
  <testcase name="add" time="0.0" classname="examplePackage.Test2">
    <skipped/>
  </testcase> <!-- add -->
  <testcase name="div" time="0.0" classname="examplePackage.Test2">
    <skipped/>
  </testcase> <!-- div -->
  <testcase name="mul" time="0.0" classname="examplePackage.Test2">
    <skipped/>
  </testcase> <!-- mul -->
  <testcase name="sub" time="0.0" classname="examplePackage.Test2">
    <skipped/>
  </testcase> <!-- sub -->
  <testcase name="add" time="0.0" classname="examplePackage.Test3">
    <skipped/>
  </testcase> <!-- add -->
  <testcase name="div" time="0.0" classname="examplePackage.Test3">
    <skipped/>
  </testcase> <!-- div -->
  <testcase name="mul" time="0.0" classname="examplePackage.Test3">
    <skipped/>
  </testcase> <!-- mul -->
  <testcase name="sub" time="0.0" classname="examplePackage.Test3">
    <skipped/>
  </testcase> <!-- sub -->
  <testcase name="f3" time="0.0" classname="examplePackage.SelectExample1">
    <skipped/>
  </testcase> <!-- f3 -->
  <testcase name="f3" time="0.0" classname="examplePackage.WebTable">
    <skipped/>
  </testcase> <!-- f3 -->
  <testcase name="f3" time="0.0" classname="examplePackage.DynamicXpathExample1">
    <skipped/>
  </testcase> <!-- f3 -->
</testsuite> <!-- Test -->
