<?xml version="1.0" encoding="UTF-8"?>
<testng-results skipped="0" failed="0" ignored="0" total="2" passed="2">
  <reporter-output>
  </reporter-output>
  <suite name="Suite" duration-ms="36579" started-at="2019-11-09T11:03:27Z" finished-at="2019-11-09T11:04:04Z">
    <groups>
    </groups>
    <test name="Test" duration-ms="36579" started-at="2019-11-09T11:03:27Z" finished-at="2019-11-09T11:04:04Z">
      <class name="examplePackage.SelectExample1">
        <test-method status="PASS" signature="f3()[pri:0, instance:examplePackage.SelectExample1@2752f6e2]" name="f3" duration-ms="6539" started-at="2019-11-09T11:03:48Z" finished-at="2019-11-09T11:03:54Z">
          <reporter-output>
          </reporter-output>
        </test-method> <!-- f3 -->
      </class> <!-- examplePackage.SelectExample1 -->
      <class name="examplePackage.DynamicXpathExample1">
        <test-method status="PASS" signature="beforeTest()[pri:0, instance:examplePackage.DynamicXpathExample1@e580929]" name="beforeTest" is-config="true" duration-ms="10875" started-at="2019-11-09T11:03:27Z" finished-at="2019-11-09T11:03:38Z">
          <reporter-output>
          </reporter-output>
        </test-method> <!-- beforeTest -->
        <test-method status="PASS" signature="beforeTest()[pri:0, instance:examplePackage.SelectExample1@2752f6e2]" name="beforeTest" is-config="true" duration-ms="9561" started-at="2019-11-09T11:03:38Z" finished-at="2019-11-09T11:03:48Z">
          <reporter-output>
          </reporter-output>
        </test-method> <!-- beforeTest -->
        <test-method status="PASS" signature="f3()[pri:0, instance:examplePackage.DynamicXpathExample1@e580929]" name="f3" duration-ms="9584" started-at="2019-11-09T11:03:54Z" finished-at="2019-11-09T11:04:04Z">
          <reporter-output>
          </reporter-output>
        </test-method> <!-- f3 -->
        <test-method status="PASS" signature="afterTest()[pri:0, instance:examplePackage.DynamicXpathExample1@e580929]" name="afterTest" is-config="true" duration-ms="1" started-at="2019-11-09T11:04:04Z" finished-at="2019-11-09T11:04:04Z">
          <reporter-output>
          </reporter-output>
        </test-method> <!-- afterTest -->
        <test-method status="PASS" signature="afterTest()[pri:0, instance:examplePackage.SelectExample1@2752f6e2]" name="afterTest" is-config="true" duration-ms="0" started-at="2019-11-09T11:04:04Z" finished-at="2019-11-09T11:04:04Z">
          <reporter-output>
          </reporter-output>
        </test-method> <!-- afterTest -->
      </class> <!-- examplePackage.DynamicXpathExample1 -->
    </test> <!-- Test -->
  </suite> <!-- Suite -->
</testng-results>
